<?xml version="1.0" encoding="UTF-8"?>
<testsuite xmlns:xsi="http://www.w3.org/2001/XMLSchema-instance" xsi:noNamespaceSchemaLocation="https://maven.apache.org/surefire/maven-surefire-plugin/xsd/surefire-test-report.xsd" version="3.0.2" name="io.cucumber.zaidan.RunCucumberTest" time="67.451" tests="4" errors="0" skipped="0" failures="3">
  <properties>
    <property name="cucumber.publish.quiet" value="true"/>
    <property name="java.specification.version" value="21"/>
    <property name="webdriver.chrome.driver" value="C:\Users\asus\.cache\selenium\chromedriver\win64\137.0.7151.55\chromedriver.exe"/>
    <property name="sun.cpu.isalist" value="amd64"/>
    <property name="sun.jnu.encoding" value="Cp1252"/>
    <property name="java.class.path" value="C:\Users\asus\Documents\KuliahNanda\PPL\p12-p13\automation\target\test-classes;C:\Users\asus\Documents\KuliahNanda\PPL\p12-p13\automation\target\classes;C:\Users\asus\.m2\repository\io\cucumber\cucumber-java\7.22.2\cucumber-java-7.22.2.jar;C:\Users\asus\.m2\repository\io\cucumber\cucumber-core\7.22.2\cucumber-core-7.22.2.jar;C:\Users\asus\.m2\repository\io\cucumber\cucumber-gherkin\7.22.2\cucumber-gherkin-7.22.2.jar;C:\Users\asus\.m2\repository\io\cucumber\cucumber-gherkin-messages\7.22.2\cucumber-gherkin-messages-7.22.2.jar;C:\Users\asus\.m2\repository\io\cucumber\gherkin\32.1.1\gherkin-32.1.1.jar;C:\Users\asus\.m2\repository\io\cucumber\messages\27.2.0\messages-27.2.0.jar;C:\Users\asus\.m2\repository\io\cucumber\testng-xml-formatter\0.3.1\testng-xml-formatter-0.3.1.jar;C:\Users\asus\.m2\repository\io\cucumber\query\13.2.0\query-13.2.0.jar;C:\Users\asus\.m2\repository\io\cucumber\tag-expressions\6.1.2\tag-expressions-6.1.2.jar;C:\Users\asus\.m2\repository\io\cucumber\cucumber-expressions\18.0.1\cucumber-expressions-18.0.1.jar;C:\Users\asus\.m2\repository\io\cucumber\datatable\7.22.2\datatable-7.22.2.jar;C:\Users\asus\.m2\repository\io\cucumber\cucumber-plugin\7.22.2\cucumber-plugin-7.22.2.jar;C:\Users\asus\.m2\repository\io\cucumber\docstring\7.22.2\docstring-7.22.2.jar;C:\Users\asus\.m2\repository\io\cucumber\html-formatter\21.10.1\html-formatter-21.10.1.jar;C:\Users\asus\.m2\repository\io\cucumber\junit-xml-formatter\0.7.1\junit-xml-formatter-0.7.1.jar;C:\Users\asus\.m2\repository\io\cucumber\ci-environment\10.0.1\ci-environment-10.0.1.jar;C:\Users\asus\.m2\repository\org\apiguardian\apiguardian-api\1.1.2\apiguardian-api-1.1.2.jar;C:\Users\asus\.m2\repository\io\cucumber\cucumber-junit-platform-engine\7.22.2\cucumber-junit-platform-engine-7.22.2.jar;C:\Users\asus\.m2\repository\org\junit\platform\junit-platform-engine\1.10.2\junit-platform-engine-1.10.2.jar;C:\Users\asus\.m2\repository\org\opentest4j\opentest4j\1.3.0\opentest4j-1.3.0.jar;C:\Users\asus\.m2\repository\junit\junit\4.13.2\junit-4.13.2.jar;C:\Users\asus\.m2\repository\org\hamcrest\hamcrest-core\1.3\hamcrest-core-1.3.jar;C:\Users\asus\.m2\repository\org\junit\jupiter\junit-jupiter\5.10.2\junit-jupiter-5.10.2.jar;C:\Users\asus\.m2\repository\org\junit\jupiter\junit-jupiter-api\5.10.2\junit-jupiter-api-5.10.2.jar;C:\Users\asus\.m2\repository\org\junit\jupiter\junit-jupiter-params\5.10.2\junit-jupiter-params-5.10.2.jar;C:\Users\asus\.m2\repository\org\junit\jupiter\junit-jupiter-engine\5.10.2\junit-jupiter-engine-5.10.2.jar;C:\Users\asus\.m2\repository\org\junit\platform\junit-platform-suite\1.10.2\junit-platform-suite-1.10.2.jar;C:\Users\asus\.m2\repository\org\junit\platform\junit-platform-suite-api\1.10.2\junit-platform-suite-api-1.10.2.jar;C:\Users\asus\.m2\repository\org\junit\platform\junit-platform-commons\1.10.2\junit-platform-commons-1.10.2.jar;C:\Users\asus\.m2\repository\org\junit\platform\junit-platform-suite-engine\1.10.2\junit-platform-suite-engine-1.10.2.jar;C:\Users\asus\.m2\repository\org\junit\platform\junit-platform-suite-commons\1.10.2\junit-platform-suite-commons-1.10.2.jar;C:\Users\asus\.m2\repository\org\junit\platform\junit-platform-launcher\1.10.2\junit-platform-launcher-1.10.2.jar;C:\Users\asus\.m2\repository\org\seleniumhq\selenium\selenium-java\4.18.1\selenium-java-4.18.1.jar;C:\Users\asus\.m2\repository\org\seleniumhq\selenium\selenium-api\4.18.1\selenium-api-4.18.1.jar;C:\Users\asus\.m2\repository\org\seleniumhq\selenium\selenium-chrome-driver\4.18.1\selenium-chrome-driver-4.18.1.jar;C:\Users\asus\.m2\repository\org\seleniumhq\selenium\selenium-chromium-driver\4.18.1\selenium-chromium-driver-4.18.1.jar;C:\Users\asus\.m2\repository\org\seleniumhq\selenium\selenium-manager\4.18.1\selenium-manager-4.18.1.jar;C:\Users\asus\.m2\repository\org\seleniumhq\selenium\selenium-devtools-v121\4.18.1\selenium-devtools-v121-4.18.1.jar;C:\Users\asus\.m2\repository\org\seleniumhq\selenium\selenium-devtools-v122\4.18.1\selenium-devtools-v122-4.18.1.jar;C:\Users\asus\.m2\repository\org\seleniumhq\selenium\selenium-devtools-v85\4.18.1\selenium-devtools-v85-4.18.1.jar;C:\Users\asus\.m2\repository\org\seleniumhq\selenium\selenium-edge-driver\4.18.1\selenium-edge-driver-4.18.1.jar;C:\Users\asus\.m2\repository\org\seleniumhq\selenium\selenium-firefox-driver\4.18.1\selenium-firefox-driver-4.18.1.jar;C:\Users\asus\.m2\repository\org\seleniumhq\selenium\selenium-http\4.18.1\selenium-http-4.18.1.jar;C:\Users\asus\.m2\repository\dev\failsafe\failsafe\3.3.2\failsafe-3.3.2.jar;C:\Users\asus\.m2\repository\org\seleniumhq\selenium\selenium-ie-driver\4.18.1\selenium-ie-driver-4.18.1.jar;C:\Users\asus\.m2\repository\org\seleniumhq\selenium\selenium-remote-driver\4.18.1\selenium-remote-driver-4.18.1.jar;C:\Users\asus\.m2\repository\com\google\guava\guava\33.0.0-jre\guava-33.0.0-jre.jar;C:\Users\asus\.m2\repository\com\google\guava\failureaccess\1.0.2\failureaccess-1.0.2.jar;C:\Users\asus\.m2\repository\com\google\guava\listenablefuture\9999.0-empty-to-avoid-conflict-with-guava\listenablefuture-9999.0-empty-to-avoid-conflict-with-guava.jar;C:\Users\asus\.m2\repository\com\google\code\findbugs\jsr305\3.0.2\jsr305-3.0.2.jar;C:\Users\asus\.m2\repository\org\checkerframework\checker-qual\3.41.0\checker-qual-3.41.0.jar;C:\Users\asus\.m2\repository\com\google\j2objc\j2objc-annotations\2.8\j2objc-annotations-2.8.jar;C:\Users\asus\.m2\repository\io\opentelemetry\semconv\opentelemetry-semconv\1.23.1-alpha\opentelemetry-semconv-1.23.1-alpha.jar;C:\Users\asus\.m2\repository\io\opentelemetry\opentelemetry-api\1.35.0\opentelemetry-api-1.35.0.jar;C:\Users\asus\.m2\repository\io\opentelemetry\opentelemetry-context\1.35.0\opentelemetry-context-1.35.0.jar;C:\Users\asus\.m2\repository\io\opentelemetry\opentelemetry-exporter-logging\1.35.0\opentelemetry-exporter-logging-1.35.0.jar;C:\Users\asus\.m2\repository\io\opentelemetry\opentelemetry-sdk-common\1.35.0\opentelemetry-sdk-common-1.35.0.jar;C:\Users\asus\.m2\repository\io\opentelemetry\opentelemetry-sdk-extension-autoconfigure-spi\1.35.0\opentelemetry-sdk-extension-autoconfigure-spi-1.35.0.jar;C:\Users\asus\.m2\repository\io\opentelemetry\opentelemetry-sdk-extension-autoconfigure\1.35.0\opentelemetry-sdk-extension-autoconfigure-1.35.0.jar;C:\Users\asus\.m2\repository\io\opentelemetry\opentelemetry-api-events\1.35.0-alpha\opentelemetry-api-events-1.35.0-alpha.jar;C:\Users\asus\.m2\repository\io\opentelemetry\opentelemetry-sdk-trace\1.35.0\opentelemetry-sdk-trace-1.35.0.jar;C:\Users\asus\.m2\repository\io\opentelemetry\opentelemetry-extension-incubator\1.35.0-alpha\opentelemetry-extension-incubator-1.35.0-alpha.jar;C:\Users\asus\.m2\repository\io\opentelemetry\opentelemetry-sdk\1.35.0\opentelemetry-sdk-1.35.0.jar;C:\Users\asus\.m2\repository\io\opentelemetry\opentelemetry-sdk-metrics\1.35.0\opentelemetry-sdk-metrics-1.35.0.jar;C:\Users\asus\.m2\repository\io\opentelemetry\opentelemetry-sdk-logs\1.35.0\opentelemetry-sdk-logs-1.35.0.jar;C:\Users\asus\.m2\repository\net\bytebuddy\byte-buddy\1.14.12\byte-buddy-1.14.12.jar;C:\Users\asus\.m2\repository\org\seleniumhq\selenium\selenium-os\4.18.1\selenium-os-4.18.1.jar;C:\Users\asus\.m2\repository\org\apache\commons\commons-exec\1.3\commons-exec-1.3.jar;C:\Users\asus\.m2\repository\org\seleniumhq\selenium\selenium-safari-driver\4.18.1\selenium-safari-driver-4.18.1.jar;C:\Users\asus\.m2\repository\org\seleniumhq\selenium\selenium-support\4.18.1\selenium-support-4.18.1.jar;C:\Users\asus\.m2\repository\org\seleniumhq\selenium\selenium-devtools-v120\4.18.1\selenium-devtools-v120-4.18.1.jar;C:\Users\asus\.m2\repository\com\google\auto\service\auto-service-annotations\1.1.1\auto-service-annotations-1.1.1.jar;C:\Users\asus\.m2\repository\org\seleniumhq\selenium\selenium-json\4.18.1\selenium-json-4.18.1.jar;C:\Users\asus\.m2\repository\io\github\bonigarcia\webdrivermanager\6.1.0\webdrivermanager-6.1.0.jar;C:\Users\asus\.m2\repository\org\slf4j\slf4j-api\2.0.17\slf4j-api-2.0.17.jar;C:\Users\asus\.m2\repository\com\google\code\gson\gson\2.13.0\gson-2.13.0.jar;C:\Users\asus\.m2\repository\com\google\errorprone\error_prone_annotations\2.37.0\error_prone_annotations-2.37.0.jar;C:\Users\asus\.m2\repository\com\github\docker-java\docker-java\3.5.0\docker-java-3.5.0.jar;C:\Users\asus\.m2\repository\com\github\docker-java\docker-java-core\3.5.0\docker-java-core-3.5.0.jar;C:\Users\asus\.m2\repository\com\github\docker-java\docker-java-api\3.5.0\docker-java-api-3.5.0.jar;C:\Users\asus\.m2\repository\org\slf4j\jcl-over-slf4j\1.7.30\jcl-over-slf4j-1.7.30.jar;C:\Users\asus\.m2\repository\com\github\docker-java\docker-java-transport-httpclient5\3.5.0\docker-java-transport-httpclient5-3.5.0.jar;C:\Users\asus\.m2\repository\com\github\docker-java\docker-java-transport\3.5.0\docker-java-transport-3.5.0.jar;C:\Users\asus\.m2\repository\net\java\dev\jna\jna\5.17.0\jna-5.17.0.jar;C:\Users\asus\.m2\repository\org\brotli\dec\0.1.2\dec-0.1.2.jar;C:\Users\asus\.m2\repository\org\apache\commons\commons-lang3\3.17.0\commons-lang3-3.17.0.jar;C:\Users\asus\.m2\repository\org\apache\commons\commons-compress\1.27.1\commons-compress-1.27.1.jar;C:\Users\asus\.m2\repository\commons-codec\commons-codec\1.17.1\commons-codec-1.17.1.jar;C:\Users\asus\.m2\repository\org\apache\httpcomponents\client5\httpclient5\5.4.3\httpclient5-5.4.3.jar;C:\Users\asus\.m2\repository\org\apache\httpcomponents\core5\httpcore5\5.3.4\httpcore5-5.3.4.jar;C:\Users\asus\.m2\repository\org\apache\httpcomponents\core5\httpcore5-h2\5.3.4\httpcore5-h2-5.3.4.jar;C:\Users\asus\.m2\repository\net\java\dev\jna\jna-platform\5.13.0\jna-platform-5.13.0.jar;C:\Users\asus\.m2\repository\net\masterthought\cucumber-reporting\5.7.7\cucumber-reporting-5.7.7.jar;C:\Users\asus\.m2\repository\com\fasterxml\jackson\core\jackson-databind\2.15.2\jackson-databind-2.15.2.jar;C:\Users\asus\.m2\repository\com\fasterxml\jackson\core\jackson-annotations\2.15.2\jackson-annotations-2.15.2.jar;C:\Users\asus\.m2\repository\com\fasterxml\jackson\core\jackson-core\2.15.2\jackson-core-2.15.2.jar;C:\Users\asus\.m2\repository\com\fasterxml\jackson\datatype\jackson-datatype-jsr310\2.15.2\jackson-datatype-jsr310-2.15.2.jar;C:\Users\asus\.m2\repository\org\apache\velocity\velocity-engine-core\2.3\velocity-engine-core-2.3.jar;C:\Users\asus\.m2\repository\joda-time\joda-time\2.12.5\joda-time-2.12.5.jar;C:\Users\asus\.m2\repository\commons-io\commons-io\2.7\commons-io-2.7.jar;C:\Users\asus\.m2\repository\org\codehaus\plexus\plexus-utils\3.5.1\plexus-utils-3.5.1.jar;C:\Users\asus\.m2\repository\org\jsoup\jsoup\1.16.1\jsoup-1.16.1.jar;C:\Users\asus\.m2\repository\com\googlecode\owasp-java-html-sanitizer\owasp-java-html-sanitizer\20220608.1\owasp-java-html-sanitizer-20220608.1.jar;C:\Users\asus\.m2\repository\commons-configuration\commons-configuration\1.10\commons-configuration-1.10.jar;C:\Users\asus\.m2\repository\commons-lang\commons-lang\2.6\commons-lang-2.6.jar;C:\Users\asus\.m2\repository\commons-logging\commons-logging\1.1.1\commons-logging-1.1.1.jar;"/>
    <property name="java.vm.vendor" value="Oracle Corporation"/>
    <property name="sun.arch.data.model" value="64"/>
    <property name="user.variant" value=""/>
    <property name="java.vendor.url" value="https://java.oracle.com/"/>
    <property name="user.timezone" value="Asia/Jakarta"/>
    <property name="os.name" value="Windows 11"/>
    <property name="java.vm.specification.version" value="21"/>
    <property name="sun.java.launcher" value="SUN_STANDARD"/>
    <property name="user.country" value="ID"/>
    <property name="sun.boot.library.path" value="C:\Program Files\Java\jdk-21\bin"/>
    <property name="sun.java.command" value="C:\Users\asus\AppData\Local\Temp\surefire3490753979127205929\surefirebooter-20250602070058896_3.jar C:\Users\asus\AppData\Local\Temp\surefire3490753979127205929 2025-06-02T07-00-58_193-jvmRun1 surefire-20250602070058896_1tmp surefire_0-20250602070058896_2tmp"/>
    <property name="jdk.debug" value="release"/>
    <property name="surefire.test.class.path" value="C:\Users\asus\Documents\KuliahNanda\PPL\p12-p13\automation\target\test-classes;C:\Users\asus\Documents\KuliahNanda\PPL\p12-p13\automation\target\classes;C:\Users\asus\.m2\repository\io\cucumber\cucumber-java\7.22.2\cucumber-java-7.22.2.jar;C:\Users\asus\.m2\repository\io\cucumber\cucumber-core\7.22.2\cucumber-core-7.22.2.jar;C:\Users\asus\.m2\repository\io\cucumber\cucumber-gherkin\7.22.2\cucumber-gherkin-7.22.2.jar;C:\Users\asus\.m2\repository\io\cucumber\cucumber-gherkin-messages\7.22.2\cucumber-gherkin-messages-7.22.2.jar;C:\Users\asus\.m2\repository\io\cucumber\gherkin\32.1.1\gherkin-32.1.1.jar;C:\Users\asus\.m2\repository\io\cucumber\messages\27.2.0\messages-27.2.0.jar;C:\Users\asus\.m2\repository\io\cucumber\testng-xml-formatter\0.3.1\testng-xml-formatter-0.3.1.jar;C:\Users\asus\.m2\repository\io\cucumber\query\13.2.0\query-13.2.0.jar;C:\Users\asus\.m2\repository\io\cucumber\tag-expressions\6.1.2\tag-expressions-6.1.2.jar;C:\Users\asus\.m2\repository\io\cucumber\cucumber-expressions\18.0.1\cucumber-expressions-18.0.1.jar;C:\Users\asus\.m2\repository\io\cucumber\datatable\7.22.2\datatable-7.22.2.jar;C:\Users\asus\.m2\repository\io\cucumber\cucumber-plugin\7.22.2\cucumber-plugin-7.22.2.jar;C:\Users\asus\.m2\repository\io\cucumber\docstring\7.22.2\docstring-7.22.2.jar;C:\Users\asus\.m2\repository\io\cucumber\html-formatter\21.10.1\html-formatter-21.10.1.jar;C:\Users\asus\.m2\repository\io\cucumber\junit-xml-formatter\0.7.1\junit-xml-formatter-0.7.1.jar;C:\Users\asus\.m2\repository\io\cucumber\ci-environment\10.0.1\ci-environment-10.0.1.jar;C:\Users\asus\.m2\repository\org\apiguardian\apiguardian-api\1.1.2\apiguardian-api-1.1.2.jar;C:\Users\asus\.m2\repository\io\cucumber\cucumber-junit-platform-engine\7.22.2\cucumber-junit-platform-engine-7.22.2.jar;C:\Users\asus\.m2\repository\org\junit\platform\junit-platform-engine\1.10.2\junit-platform-engine-1.10.2.jar;C:\Users\asus\.m2\repository\org\opentest4j\opentest4j\1.3.0\opentest4j-1.3.0.jar;C:\Users\asus\.m2\repository\junit\junit\4.13.2\junit-4.13.2.jar;C:\Users\asus\.m2\repository\org\hamcrest\hamcrest-core\1.3\hamcrest-core-1.3.jar;C:\Users\asus\.m2\repository\org\junit\jupiter\junit-jupiter\5.10.2\junit-jupiter-5.10.2.jar;C:\Users\asus\.m2\repository\org\junit\jupiter\junit-jupiter-api\5.10.2\junit-jupiter-api-5.10.2.jar;C:\Users\asus\.m2\repository\org\junit\jupiter\junit-jupiter-params\5.10.2\junit-jupiter-params-5.10.2.jar;C:\Users\asus\.m2\repository\org\junit\jupiter\junit-jupiter-engine\5.10.2\junit-jupiter-engine-5.10.2.jar;C:\Users\asus\.m2\repository\org\junit\platform\junit-platform-suite\1.10.2\junit-platform-suite-1.10.2.jar;C:\Users\asus\.m2\repository\org\junit\platform\junit-platform-suite-api\1.10.2\junit-platform-suite-api-1.10.2.jar;C:\Users\asus\.m2\repository\org\junit\platform\junit-platform-commons\1.10.2\junit-platform-commons-1.10.2.jar;C:\Users\asus\.m2\repository\org\junit\platform\junit-platform-suite-engine\1.10.2\junit-platform-suite-engine-1.10.2.jar;C:\Users\asus\.m2\repository\org\junit\platform\junit-platform-suite-commons\1.10.2\junit-platform-suite-commons-1.10.2.jar;C:\Users\asus\.m2\repository\org\junit\platform\junit-platform-launcher\1.10.2\junit-platform-launcher-1.10.2.jar;C:\Users\asus\.m2\repository\org\seleniumhq\selenium\selenium-java\4.18.1\selenium-java-4.18.1.jar;C:\Users\asus\.m2\repository\org\seleniumhq\selenium\selenium-api\4.18.1\selenium-api-4.18.1.jar;C:\Users\asus\.m2\repository\org\seleniumhq\selenium\selenium-chrome-driver\4.18.1\selenium-chrome-driver-4.18.1.jar;C:\Users\asus\.m2\repository\org\seleniumhq\selenium\selenium-chromium-driver\4.18.1\selenium-chromium-driver-4.18.1.jar;C:\Users\asus\.m2\repository\org\seleniumhq\selenium\selenium-manager\4.18.1\selenium-manager-4.18.1.jar;C:\Users\asus\.m2\repository\org\seleniumhq\selenium\selenium-devtools-v121\4.18.1\selenium-devtools-v121-4.18.1.jar;C:\Users\asus\.m2\repository\org\seleniumhq\selenium\selenium-devtools-v122\4.18.1\selenium-devtools-v122-4.18.1.jar;C:\Users\asus\.m2\repository\org\seleniumhq\selenium\selenium-devtools-v85\4.18.1\selenium-devtools-v85-4.18.1.jar;C:\Users\asus\.m2\repository\org\seleniumhq\selenium\selenium-edge-driver\4.18.1\selenium-edge-driver-4.18.1.jar;C:\Users\asus\.m2\repository\org\seleniumhq\selenium\selenium-firefox-driver\4.18.1\selenium-firefox-driver-4.18.1.jar;C:\Users\asus\.m2\repository\org\seleniumhq\selenium\selenium-http\4.18.1\selenium-http-4.18.1.jar;C:\Users\asus\.m2\repository\dev\failsafe\failsafe\3.3.2\failsafe-3.3.2.jar;C:\Users\asus\.m2\repository\org\seleniumhq\selenium\selenium-ie-driver\4.18.1\selenium-ie-driver-4.18.1.jar;C:\Users\asus\.m2\repository\org\seleniumhq\selenium\selenium-remote-driver\4.18.1\selenium-remote-driver-4.18.1.jar;C:\Users\asus\.m2\repository\com\google\guava\guava\33.0.0-jre\guava-33.0.0-jre.jar;C:\Users\asus\.m2\repository\com\google\guava\failureaccess\1.0.2\failureaccess-1.0.2.jar;C:\Users\asus\.m2\repository\com\google\guava\listenablefuture\9999.0-empty-to-avoid-conflict-with-guava\listenablefuture-9999.0-empty-to-avoid-conflict-with-guava.jar;C:\Users\asus\.m2\repository\com\google\code\findbugs\jsr305\3.0.2\jsr305-3.0.2.jar;C:\Users\asus\.m2\repository\org\checkerframework\checker-qual\3.41.0\checker-qual-3.41.0.jar;C:\Users\asus\.m2\repository\com\google\j2objc\j2objc-annotations\2.8\j2objc-annotations-2.8.jar;C:\Users\asus\.m2\repository\io\opentelemetry\semconv\opentelemetry-semconv\1.23.1-alpha\opentelemetry-semconv-1.23.1-alpha.jar;C:\Users\asus\.m2\repository\io\opentelemetry\opentelemetry-api\1.35.0\opentelemetry-api-1.35.0.jar;C:\Users\asus\.m2\repository\io\opentelemetry\opentelemetry-context\1.35.0\opentelemetry-context-1.35.0.jar;C:\Users\asus\.m2\repository\io\opentelemetry\opentelemetry-exporter-logging\1.35.0\opentelemetry-exporter-logging-1.35.0.jar;C:\Users\asus\.m2\repository\io\opentelemetry\opentelemetry-sdk-common\1.35.0\opentelemetry-sdk-common-1.35.0.jar;C:\Users\asus\.m2\repository\io\opentelemetry\opentelemetry-sdk-extension-autoconfigure-spi\1.35.0\opentelemetry-sdk-extension-autoconfigure-spi-1.35.0.jar;C:\Users\asus\.m2\repository\io\opentelemetry\opentelemetry-sdk-extension-autoconfigure\1.35.0\opentelemetry-sdk-extension-autoconfigure-1.35.0.jar;C:\Users\asus\.m2\repository\io\opentelemetry\opentelemetry-api-events\1.35.0-alpha\opentelemetry-api-events-1.35.0-alpha.jar;C:\Users\asus\.m2\repository\io\opentelemetry\opentelemetry-sdk-trace\1.35.0\opentelemetry-sdk-trace-1.35.0.jar;C:\Users\asus\.m2\repository\io\opentelemetry\opentelemetry-extension-incubator\1.35.0-alpha\opentelemetry-extension-incubator-1.35.0-alpha.jar;C:\Users\asus\.m2\repository\io\opentelemetry\opentelemetry-sdk\1.35.0\opentelemetry-sdk-1.35.0.jar;C:\Users\asus\.m2\repository\io\opentelemetry\opentelemetry-sdk-metrics\1.35.0\opentelemetry-sdk-metrics-1.35.0.jar;C:\Users\asus\.m2\repository\io\opentelemetry\opentelemetry-sdk-logs\1.35.0\opentelemetry-sdk-logs-1.35.0.jar;C:\Users\asus\.m2\repository\net\bytebuddy\byte-buddy\1.14.12\byte-buddy-1.14.12.jar;C:\Users\asus\.m2\repository\org\seleniumhq\selenium\selenium-os\4.18.1\selenium-os-4.18.1.jar;C:\Users\asus\.m2\repository\org\apache\commons\commons-exec\1.3\commons-exec-1.3.jar;C:\Users\asus\.m2\repository\org\seleniumhq\selenium\selenium-safari-driver\4.18.1\selenium-safari-driver-4.18.1.jar;C:\Users\asus\.m2\repository\org\seleniumhq\selenium\selenium-support\4.18.1\selenium-support-4.18.1.jar;C:\Users\asus\.m2\repository\org\seleniumhq\selenium\selenium-devtools-v120\4.18.1\selenium-devtools-v120-4.18.1.jar;C:\Users\asus\.m2\repository\com\google\auto\service\auto-service-annotations\1.1.1\auto-service-annotations-1.1.1.jar;C:\Users\asus\.m2\repository\org\seleniumhq\selenium\selenium-json\4.18.1\selenium-json-4.18.1.jar;C:\Users\asus\.m2\repository\io\github\bonigarcia\webdrivermanager\6.1.0\webdrivermanager-6.1.0.jar;C:\Users\asus\.m2\repository\org\slf4j\slf4j-api\2.0.17\slf4j-api-2.0.17.jar;C:\Users\asus\.m2\repository\com\google\code\gson\gson\2.13.0\gson-2.13.0.jar;C:\Users\asus\.m2\repository\com\google\errorprone\error_prone_annotations\2.37.0\error_prone_annotations-2.37.0.jar;C:\Users\asus\.m2\repository\com\github\docker-java\docker-java\3.5.0\docker-java-3.5.0.jar;C:\Users\asus\.m2\repository\com\github\docker-java\docker-java-core\3.5.0\docker-java-core-3.5.0.jar;C:\Users\asus\.m2\repository\com\github\docker-java\docker-java-api\3.5.0\docker-java-api-3.5.0.jar;C:\Users\asus\.m2\repository\org\slf4j\jcl-over-slf4j\1.7.30\jcl-over-slf4j-1.7.30.jar;C:\Users\asus\.m2\repository\com\github\docker-java\docker-java-transport-httpclient5\3.5.0\docker-java-transport-httpclient5-3.5.0.jar;C:\Users\asus\.m2\repository\com\github\docker-java\docker-java-transport\3.5.0\docker-java-transport-3.5.0.jar;C:\Users\asus\.m2\repository\net\java\dev\jna\jna\5.17.0\jna-5.17.0.jar;C:\Users\asus\.m2\repository\org\brotli\dec\0.1.2\dec-0.1.2.jar;C:\Users\asus\.m2\repository\org\apache\commons\commons-lang3\3.17.0\commons-lang3-3.17.0.jar;C:\Users\asus\.m2\repository\org\apache\commons\commons-compress\1.27.1\commons-compress-1.27.1.jar;C:\Users\asus\.m2\repository\commons-codec\commons-codec\1.17.1\commons-codec-1.17.1.jar;C:\Users\asus\.m2\repository\org\apache\httpcomponents\client5\httpclient5\5.4.3\httpclient5-5.4.3.jar;C:\Users\asus\.m2\repository\org\apache\httpcomponents\core5\httpcore5\5.3.4\httpcore5-5.3.4.jar;C:\Users\asus\.m2\repository\org\apache\httpcomponents\core5\httpcore5-h2\5.3.4\httpcore5-h2-5.3.4.jar;C:\Users\asus\.m2\repository\net\java\dev\jna\jna-platform\5.13.0\jna-platform-5.13.0.jar;C:\Users\asus\.m2\repository\net\masterthought\cucumber-reporting\5.7.7\cucumber-reporting-5.7.7.jar;C:\Users\asus\.m2\repository\com\fasterxml\jackson\core\jackson-databind\2.15.2\jackson-databind-2.15.2.jar;C:\Users\asus\.m2\repository\com\fasterxml\jackson\core\jackson-annotations\2.15.2\jackson-annotations-2.15.2.jar;C:\Users\asus\.m2\repository\com\fasterxml\jackson\core\jackson-core\2.15.2\jackson-core-2.15.2.jar;C:\Users\asus\.m2\repository\com\fasterxml\jackson\datatype\jackson-datatype-jsr310\2.15.2\jackson-datatype-jsr310-2.15.2.jar;C:\Users\asus\.m2\repository\org\apache\velocity\velocity-engine-core\2.3\velocity-engine-core-2.3.jar;C:\Users\asus\.m2\repository\joda-time\joda-time\2.12.5\joda-time-2.12.5.jar;C:\Users\asus\.m2\repository\commons-io\commons-io\2.7\commons-io-2.7.jar;C:\Users\asus\.m2\repository\org\codehaus\plexus\plexus-utils\3.5.1\plexus-utils-3.5.1.jar;C:\Users\asus\.m2\repository\org\jsoup\jsoup\1.16.1\jsoup-1.16.1.jar;C:\Users\asus\.m2\repository\com\googlecode\owasp-java-html-sanitizer\owasp-java-html-sanitizer\20220608.1\owasp-java-html-sanitizer-20220608.1.jar;C:\Users\asus\.m2\repository\commons-configuration\commons-configuration\1.10\commons-configuration-1.10.jar;C:\Users\asus\.m2\repository\commons-lang\commons-lang\2.6\commons-lang-2.6.jar;C:\Users\asus\.m2\repository\commons-logging\commons-logging\1.1.1\commons-logging-1.1.1.jar;"/>
    <property name="sun.cpu.endian" value="little"/>
    <property name="user.home" value="C:\Users\asus"/>
    <property name="user.language" value="id"/>
    <property name="java.specification.vendor" value="Oracle Corporation"/>
    <property name="java.version.date" value="2025-01-21"/>
    <property name="java.home" value="C:\Program Files\Java\jdk-21"/>
    <property name="file.separator" value="\"/>
    <property name="basedir" value="C:\Users\asus\Documents\KuliahNanda\PPL\p12-p13\automation"/>
    <property name="java.vm.compressedOopsMode" value="Zero based"/>
    <property name="line.separator" value="&#10;"/>
    <property name="java.vm.specification.vendor" value="Oracle Corporation"/>
    <property name="java.specification.name" value="Java Platform API Specification"/>
    <property name="surefire.real.class.path" value="C:\Users\asus\AppData\Local\Temp\surefire3490753979127205929\surefirebooter-20250602070058896_3.jar"/>
    <property name="user.script" value=""/>
    <property name="sun.management.compiler" value="HotSpot 64-Bit Tiered Compilers"/>
    <property name="java.runtime.version" value="21.0.6+8-LTS-188"/>
    <property name="user.name" value="asus"/>
    <property name="stdout.encoding" value="Cp1252"/>
    <property name="path.separator" value=";"/>
    <property name="os.version" value="10.0"/>
    <property name="java.runtime.name" value="Java(TM) SE Runtime Environment"/>
    <property name="file.encoding" value="UTF-8"/>
    <property name="java.vm.name" value="Java HotSpot(TM) 64-Bit Server VM"/>
    <property name="cucumber.publish.enabled" value="true"/>
    <property name="localRepository" value="C:\Users\asus\.m2\repository"/>
    <property name="java.vendor.url.bug" value="https://bugreport.java.com/bugreport/"/>
    <property name="java.io.tmpdir" value="C:\Users\asus\AppData\Local\Temp\"/>
    <property name="java.version" value="21.0.6"/>
    <property name="user.dir" value="C:\Users\asus\Documents\KuliahNanda\PPL\p12-p13\automation"/>
    <property name="os.arch" value="amd64"/>
    <property name="java.vm.specification.name" value="Java Virtual Machine Specification"/>
    <property name="sun.os.patch.level" value=""/>
    <property name="native.encoding" value="Cp1252"/>
    <property name="java.library.path" value="C:\Program Files\Java\jdk-21\bin;C:\WINDOWS\Sun\Java\bin;C:\WINDOWS\system32;C:\WINDOWS;C:\Program Files\Common Files\Oracle\Java\javapath;C:\Program Files (x86)\Common Files\Intel\Shared Libraries\redist\intel64\compiler;C:\Windows\system32;C:\Windows;C:\Windows\System32\Wbem;C:\Windows\System32\WindowsPowerShell\v1.0\;C:\Windows\System32\OpenSSH\;C:\Program Files (x86)\NVIDIA Corporation\PhysX\Common;C:\Program Files\NVIDIA Corporation\NVIDIA NvDLISR;C:\Program Files (x86)\HP\Common\HPDestPlgIn\;C:\WINDOWS\system32;C:\WINDOWS;C:\WINDOWS\System32\Wbem;C:\WINDOWS\System32\WindowsPowerShell\v1.0\;C:\WINDOWS\System32\OpenSSH\;C:\Program Files\dotnet\;C:\Program Files\Docker\Docker\resources\bin;C:\Program Files\Git\cmd;C:\Program Files\Maven\apache-maven-3.9.9\bin;C:\Users\asus\.console-ninja\.bin;C:\Users\asus\AppData\Local\Microsoft\WindowsApps;C:\Program Files (x86)\HP\Common\HPDestPlgIn\;C:\Users\asus\AppData\Local\Programs\Microsoft VS Code\bin;."/>
    <property name="java.vm.info" value="mixed mode, sharing"/>
    <property name="stderr.encoding" value="Cp1252"/>
    <property name="java.vendor" value="Oracle Corporation"/>
    <property name="java.vm.version" value="21.0.6+8-LTS-188"/>
    <property name="sun.io.unicode.encoding" value="UnicodeLittle"/>
    <property name="java.class.version" value="65.0"/>
  </properties>
  <testcase name="Example #1.1" classname="Examples" time="27.48">
    <failure message="Menu navigasi tidak sesuai expected:&lt;[Dasbor, Tagihan Siswa, Transaksi Penerimaan Dana, Pengaturan Notifikasi, Status Pembayaran, Rekapitulasi, Progres Transaksi Penerimaan Dana]&gt; but was:&lt;[Dasbor&#10;Tagihan Siswa&#10;Transaksi Penerimaan Dana&#10;Pengaturan Notifikasi&#10;Status Pembayaran&#10;Rekapitulasi&#10;Progres Transaksi Penerima Dana]&gt;" type="java.lang.AssertionError"><![CDATA[java.lang.AssertionError: 
Menu navigasi tidak sesuai expected:<[Dasbor, Tagihan Siswa, Transaksi Penerimaan Dana, Pengaturan Notifikasi, Status Pembayaran, Rekapitulasi, Progres Transaksi Penerimaan Dana]> but was:<[Dasbor
Tagihan Siswa
Transaksi Penerimaan Dana
Pengaturan Notifikasi
Status Pembayaran
Rekapitulasi
Progres Transaksi Penerima Dana]>
	at io.cucumber.zaidan.stepDefinition.LoginDefinition.menuNavigasiSampingMenampilkanDaftarBerikut(LoginDefinition.java:60)
	at ✽.Menu navigasi samping menampilkan daftar berikut:(classpath:io/cucumber/zaidan/login.feature:13)
]]></failure>
    <system-out><![CDATA[
@Valid
Scenario: Login berhasil menggunakan kredensial valid sebagai peran "bendahara" &amp#27;[90m# io/cucumber/zaidan/login.feature:24&amp#27;[0m
  &amp#27;[32mGiven &amp#27;[0m&amp#27;[32mUser telah membuka browser&amp#27;[0m                                              &amp#27;[90m# io.cucumber.zaidan.stepDefinition.LoginDefinition.userTelahMembukaBrowser()&amp#27;[0m
  &amp#27;[32mAnd &amp#27;[0m&amp#27;[32mUser navigasi ke login page dengan url &amp#27;[0m&amp#27;[32m&amp#27;[1m"http://ptbsp.ddns.net:6882"&amp#27;[0m       &amp#27;[90m# io.cucumber.zaidan.stepDefinition.LoginDefinition.userNavigasiKeLoginPage(java.lang.String)&amp#27;[0m
  &amp#27;[32mWhen &amp#27;[0m&amp#27;[32mUser memasukan form username dengan &amp#27;[0m&amp#27;[32m&amp#27;[1m"bendahara"&amp#27;[0m&amp#27;[32m dan password &amp#27;[0m&amp#27;[32m&amp#27;[1m"admin123"&amp#27;[0m  &amp#27;[90m# io.cucumber.zaidan.stepDefinition.LoginDefinition.userMemasukanFormUsernameDanPassword(java.lang.String,java.lang.String)&amp#27;[0m
  &amp#27;[32mAnd &amp#27;[0m&amp#27;[32mUser melakukan klik tombol login&amp#27;[0m                                          &amp#27;[90m# io.cucumber.zaidan.stepDefinition.LoginDefinition.userMelakukanKlikTombolLogin()&amp#27;[0m
  &amp#27;[32mThen &amp#27;[0m&amp#27;[32mPengguna diarahkan ke halaman dashboard bendahara&amp#27;[0m                        &amp#27;[90m# io.cucumber.zaidan.stepDefinition.LoginDefinition.penggunaDiarahkanKeHalamanDashboardBendahara()&amp#27;[0m
  &amp#27;[32mAnd &amp#27;[0m&amp#27;[32mJudul halaman yang tampil adalah &amp#27;[0m&amp#27;[32m&amp#27;[1m"Dasbor - Bendahara"&amp#27;[0m                     &amp#27;[90m# io.cucumber.zaidan.stepDefinition.LoginDefinition.judulHalamanYangTampilAdalah(java.lang.String)&amp#27;[0m
  &amp#27;[31mAnd &amp#27;[0m&amp#27;[31mMenu navigasi samping menampilkan daftar berikut:&amp#27;[0m                         &amp#27;[90m# io.cucumber.zaidan.stepDefinition.LoginDefinition.menuNavigasiSampingMenampilkanDaftarBerikut(io.cucumber.datatable.DataTable)&amp#27;[0m
    | Dasbor                            |
    | Tagihan Siswa                     |
    | Transaksi Penerimaan Dana         |
    | Pengaturan Notifikasi             |
    | Status Pembayaran                 |
    | Rekapitulasi                      |
    | Progres Transaksi Penerimaan Dana |
      &amp#27;[31mjava.lang.AssertionError: Menu navigasi tidak sesuai expected:<[Dasbor, Tagihan Siswa, Transaksi Penerimaan Dana, Pengaturan Notifikasi, Status Pembayaran, Rekapitulasi, Progres Transaksi Penerimaan Dana]> but was:<[Dasbor
      Tagihan Siswa
      Transaksi Penerimaan Dana
      Pengaturan Notifikasi
      Status Pembayaran
      Rekapitulasi
      Progres Transaksi Penerima Dana]>
      	at org.junit.Assert.fail(Assert.java:89)
      	at org.junit.Assert.failNotEquals(Assert.java:835)
      	at org.junit.Assert.assertEquals(Assert.java:120)
      	at io.cucumber.zaidan.stepDefinition.LoginDefinition.menuNavigasiSampingMenampilkanDaftarBerikut(LoginDefinition.java:60)
      	at ✽.Menu navigasi samping menampilkan daftar berikut:(classpath:io/cucumber/zaidan/login.feature:13)&amp#27;[0m
]]></system-out>
    <system-err><![CDATA[SLF4J(W): No SLF4J providers were found.
SLF4J(W): Defaulting to no-operation (NOP) logger implementation
SLF4J(W): See https://www.slf4j.org/codes.html#noProviders for further details.
Jun 02, 2025 7:01:25 AM org.openqa.selenium.devtools.CdpVersionFinder findNearestMatch
WARNING: Unable to find CDP implementation matching 137
Jun 02, 2025 7:01:25 AM org.openqa.selenium.chromium.ChromiumDriver lambda$new$5
WARNING: Unable to find version of CDP to use for 137.0.7151.55. You may need to include a dependency on a specific version of the CDP using something similar to `org.seleniumhq.selenium:selenium-devtools-v86:4.18.1` where the version ("v86") matches the version of the chromium-based browser you're using and the version number of the artifact is the same as Selenium's.
]]></system-err>
  </testcase>
  <testcase name="Example #1.1" classname="Examples" time="9.461">
    <failure message="expected:&lt;[Username atau password salah]&gt; but was:&lt;[Incorrect username or password, please try again!]&gt;" type="org.junit.ComparisonFailure"><![CDATA[org.junit.ComparisonFailure: expected:<[Username atau password salah]> but was:<[Incorrect username or password, please try again!]>
	at io.cucumber.zaidan.stepDefinition.LoginDefinition.userHarusDapatMelihatPesanPemberitahuan(LoginDefinition.java:67)
	at ✽.User harus dapat melihat pesan pemberitahuan "Username atau password salah"(classpath:io/cucumber/zaidan/login.feature:30)
]]></failure>
    <system-out><![CDATA[
@InvalidCredentials
Scenario Outline: Login tidak berhasil dengan kredensial yang tidak valid, "Username tidak terdaftar" &amp#27;[90m# io/cucumber/zaidan/login.feature:34&amp#27;[0m
  &amp#27;[32mGiven &amp#27;[0m&amp#27;[32mUser telah membuka browser&amp#27;[0m                                                                    &amp#27;[90m# io.cucumber.zaidan.stepDefinition.LoginDefinition.userTelahMembukaBrowser()&amp#27;[0m
  &amp#27;[32mAnd &amp#27;[0m&amp#27;[32mUser navigasi ke login page dengan url &amp#27;[0m&amp#27;[32m&amp#27;[1m"http://ptbsp.ddns.net:6882"&amp#27;[0m                             &amp#27;[90m# io.cucumber.zaidan.stepDefinition.LoginDefinition.userNavigasiKeLoginPage(java.lang.String)&amp#27;[0m
  &amp#27;[32mWhen &amp#27;[0m&amp#27;[32mUser memasukan form username dengan &amp#27;[0m&amp#27;[32m&amp#27;[1m"indra"&amp#27;[0m&amp#27;[32m dan password &amp#27;[0m&amp#27;[32m&amp#27;[1m"admin123"&amp#27;[0m                            &amp#27;[90m# io.cucumber.zaidan.stepDefinition.LoginDefinition.userMemasukanFormUsernameDanPassword(java.lang.String,java.lang.String)&amp#27;[0m
  &amp#27;[32mAnd &amp#27;[0m&amp#27;[32mUser melakukan klik tombol login&amp#27;[0m                                                                &amp#27;[90m# io.cucumber.zaidan.stepDefinition.LoginDefinition.userMelakukanKlikTombolLogin()&amp#27;[0m
  &amp#27;[31mThen &amp#27;[0m&amp#27;[31mUser harus dapat melihat pesan pemberitahuan &amp#27;[0m&amp#27;[31m&amp#27;[1m"Username atau password salah"&amp#27;[0m                    &amp#27;[90m# io.cucumber.zaidan.stepDefinition.LoginDefinition.userHarusDapatMelihatPesanPemberitahuan(java.lang.String)&amp#27;[0m
      &amp#27;[31morg.junit.ComparisonFailure: expected:<[Username atau password salah]> but was:<[Incorrect username or password, please try again!]>
      	at org.junit.Assert.assertEquals(Assert.java:117)
      	at org.junit.Assert.assertEquals(Assert.java:146)
      	at io.cucumber.zaidan.stepDefinition.LoginDefinition.userHarusDapatMelihatPesanPemberitahuan(LoginDefinition.java:67)
      	at ✽.User harus dapat melihat pesan pemberitahuan "Username atau password salah"(classpath:io/cucumber/zaidan/login.feature:30)&amp#27;[0m
]]></system-out>
    <system-err><![CDATA[Jun 02, 2025 7:01:35 AM org.openqa.selenium.devtools.CdpVersionFinder findNearestMatch
WARNING: Unable to find CDP implementation matching 137
Jun 02, 2025 7:01:35 AM org.openqa.selenium.chromium.ChromiumDriver lambda$new$5
WARNING: Unable to find version of CDP to use for 137.0.7151.55. You may need to include a dependency on a specific version of the CDP using something similar to `org.seleniumhq.selenium:selenium-devtools-v86:4.18.1` where the version ("v86") matches the version of the chromium-based browser you're using and the version number of the artifact is the same as Selenium's.
]]></system-err>
  </testcase>
  <testcase name="Example #1.2" classname="Examples" time="9.381">
    <failure message="expected:&lt;[Username atau password salah]&gt; but was:&lt;[Incorrect username or password, please try again!]&gt;" type="org.junit.ComparisonFailure"><![CDATA[org.junit.ComparisonFailure: expected:<[Username atau password salah]> but was:<[Incorrect username or password, please try again!]>
	at io.cucumber.zaidan.stepDefinition.LoginDefinition.userHarusDapatMelihatPesanPemberitahuan(LoginDefinition.java:67)
	at ✽.User harus dapat melihat pesan pemberitahuan "Username atau password salah"(classpath:io/cucumber/zaidan/login.feature:30)
]]></failure>
    <system-out><![CDATA[
@InvalidCredentials
Scenario Outline: Login tidak berhasil dengan kredensial yang tidak valid, "Password salah" &amp#27;[90m# io/cucumber/zaidan/login.feature:35&amp#27;[0m
  &amp#27;[32mGiven &amp#27;[0m&amp#27;[32mUser telah membuka browser&amp#27;[0m                                                          &amp#27;[90m# io.cucumber.zaidan.stepDefinition.LoginDefinition.userTelahMembukaBrowser()&amp#27;[0m
  &amp#27;[32mAnd &amp#27;[0m&amp#27;[32mUser navigasi ke login page dengan url &amp#27;[0m&amp#27;[32m&amp#27;[1m"http://ptbsp.ddns.net:6882"&amp#27;[0m                   &amp#27;[90m# io.cucumber.zaidan.stepDefinition.LoginDefinition.userNavigasiKeLoginPage(java.lang.String)&amp#27;[0m
  &amp#27;[32mWhen &amp#27;[0m&amp#27;[32mUser memasukan form username dengan &amp#27;[0m&amp#27;[32m&amp#27;[1m"admin"&amp#27;[0m&amp#27;[32m dan password &amp#27;[0m&amp#27;[32m&amp#27;[1m"admin12"&amp#27;[0m                   &amp#27;[90m# io.cucumber.zaidan.stepDefinition.LoginDefinition.userMemasukanFormUsernameDanPassword(java.lang.String,java.lang.String)&amp#27;[0m
  &amp#27;[32mAnd &amp#27;[0m&amp#27;[32mUser melakukan klik tombol login&amp#27;[0m                                                      &amp#27;[90m# io.cucumber.zaidan.stepDefinition.LoginDefinition.userMelakukanKlikTombolLogin()&amp#27;[0m
  &amp#27;[31mThen &amp#27;[0m&amp#27;[31mUser harus dapat melihat pesan pemberitahuan &amp#27;[0m&amp#27;[31m&amp#27;[1m"Username atau password salah"&amp#27;[0m          &amp#27;[90m# io.cucumber.zaidan.stepDefinition.LoginDefinition.userHarusDapatMelihatPesanPemberitahuan(java.lang.String)&amp#27;[0m
      &amp#27;[31morg.junit.ComparisonFailure: expected:<[Username atau password salah]> but was:<[Incorrect username or password, please try again!]>
      	at org.junit.Assert.assertEquals(Assert.java:117)
      	at org.junit.Assert.assertEquals(Assert.java:146)
      	at io.cucumber.zaidan.stepDefinition.LoginDefinition.userHarusDapatMelihatPesanPemberitahuan(LoginDefinition.java:67)
      	at ✽.User harus dapat melihat pesan pemberitahuan "Username atau password salah"(classpath:io/cucumber/zaidan/login.feature:30)&amp#27;[0m
]]></system-out>
    <system-err><![CDATA[Jun 02, 2025 7:01:44 AM org.openqa.selenium.devtools.CdpVersionFinder findNearestMatch
WARNING: Unable to find CDP implementation matching 137
Jun 02, 2025 7:01:44 AM org.openqa.selenium.chromium.ChromiumDriver lambda$new$5
WARNING: Unable to find version of CDP to use for 137.0.7151.55. You may need to include a dependency on a specific version of the CDP using something similar to `org.seleniumhq.selenium:selenium-devtools-v86:4.18.1` where the version ("v86") matches the version of the chromium-based browser you're using and the version number of the artifact is the same as Selenium's.
]]></system-err>
  </testcase>
  <testcase name="Check logout is successful with valid credentials as role &quot;Bendahara&quot;" classname="Logout" time="14.484">
    <system-out><![CDATA[
Scenario: Check logout is successful with valid credentials as role "Bendahara" &amp#27;[90m# io/cucumber/zaidan/logout.feature:2&amp#27;[0m
  &amp#27;[32mGiven &amp#27;[0m&amp#27;[32mUser navigated to Login page&amp#27;[0m                                            &amp#27;[90m# io.cucumber.zaidan.stepDefinition.LogoutDefinition.userTelahMembukaLoginPage()&amp#27;[0m
  &amp#27;[32mAnd &amp#27;[0m&amp#27;[32mUser enters username &amp#27;[0m&amp#27;[32m&amp#27;[1m"bendahara"&amp#27;[0m                                          &amp#27;[90m# io.cucumber.zaidan.stepDefinition.LogoutDefinition.userMemasukkanUsername(java.lang.String)&amp#27;[0m
  &amp#27;[32mAnd &amp#27;[0m&amp#27;[32mEnters password &amp#27;[0m&amp#27;[32m&amp#27;[1m"admin123"&amp#27;[0m                                                &amp#27;[90m# io.cucumber.zaidan.stepDefinition.LogoutDefinition.userMemasukkanPassword(java.lang.String)&amp#27;[0m
  &amp#27;[32mAnd &amp#27;[0m&amp#27;[32mClicks on login button&amp#27;[0m                                                    &amp#27;[90m# io.cucumber.zaidan.stepDefinition.LogoutDefinition.userMengklikTombolLogin()&amp#27;[0m
  &amp#27;[32mAnd &amp#27;[0m&amp#27;[32mUser navigates to Dashboard page&amp#27;[0m                                          &amp#27;[90m# io.cucumber.zaidan.stepDefinition.LogoutDefinition.userDiarahkanKePageDashboard()&amp#27;[0m
  &amp#27;[32mWhen &amp#27;[0m&amp#27;[32mUser clicks on logout button&amp#27;[0m                                             &amp#27;[90m# io.cucumber.zaidan.stepDefinition.LogoutDefinition.userMengklikTombolLogout()&amp#27;[0m
  &amp#27;[32mAnd &amp#27;[0m&amp#27;[32mClicks on logout confirmation pop up button&amp#27;[0m                               &amp#27;[90m# io.cucumber.zaidan.stepDefinition.LogoutDefinition.userMengklikTombolKonfirmasiLogout()&amp#27;[0m
  &amp#27;[32mThen &amp#27;[0m&amp#27;[32mUser should navigated to the Login page&amp#27;[0m                                  &amp#27;[90m# io.cucumber.zaidan.stepDefinition.LogoutDefinition.userKembaliKeLoginPage()&amp#27;[0m
]]></system-out>
    <system-err><![CDATA[Jun 02, 2025 7:01:54 AM org.openqa.selenium.devtools.CdpVersionFinder findNearestMatch
WARNING: Unable to find CDP implementation matching 137
Jun 02, 2025 7:01:54 AM org.openqa.selenium.chromium.ChromiumDriver lambda$new$5
WARNING: Unable to find version of CDP to use for 137.0.7151.55. You may need to include a dependency on a specific version of the CDP using something similar to `org.seleniumhq.selenium:selenium-devtools-v86:4.18.1` where the version ("v86") matches the version of the chromium-based browser you're using and the version number of the artifact is the same as Selenium's.
]]></system-err>
  </testcase>
</testsuite>